# JRE version: Java(TM) SE Runtime Environment (8.0_05-b13) (build 1.8.0_05-b13)
# Java VM: Java HotSpot(TM) 64-Bit Server VM (25.5-b02 mixed mode windows-amd64 compressed oops)
Heap:
 PSYoungGen      total 117248K, used 29581K [0x00000000d5c00000, 0x00000000deb00000, 0x0000000100000000)
  eden space 98816K, 11% used [0x00000000d5c00000,0x00000000d66e9fa0,0x00000000dbc80000)
  from space 18432K, 99% used [0x00000000dbc80000,0x00000000dce79818,0x00000000dce80000)
  to   space 22016K, 0% used [0x00000000dd580000,0x00000000dd580000,0x00000000deb00000)
 ParOldGen       total 26112K, used 17779K [0x0000000081400000, 0x0000000082d80000, 0x00000000d5c00000)
  object space 26112K, 68% used [0x0000000081400000,0x000000008255cd40,0x0000000082d80000)
 Metaspace       used 57559K, capacity 57936K, committed 58496K, reserved 1099776K
  class space    used 7376K, capacity 7451K, committed 7552K, reserved 1048576K
GC Heap History (10 events):
Event: 8.760 GC heap before
{Heap before GC invocations=35 (full 4):
 PSYoungGen      total 105984K, used 101358K [0x00000000d5c00000, 0x00000000dd300000, 0x0000000100000000)
  eden space 92160K, 100% used [0x00000000d5c00000,0x00000000db600000,0x00000000db600000)
  from space 13824K, 66% used [0x00000000dc400000,0x00000000dccfba98,0x00000000dd180000)
  to   space 14336K, 0% used [0x00000000db600000,0x00000000db600000,0x00000000dc400000)
 ParOldGen       total 26112K, used 15547K [0x0000000081400000, 0x0000000082d80000, 0x00000000d5c00000)
  object space 26112K, 59% used [0x0000000081400000,0x000000008232ee48,0x0000000082d80000)
 Metaspace       used 46329K, capacity 46610K, committed 47232K, reserved 1091584K
  class space    used 5835K, capacity 5920K, committed 6016K, reserved 1048576K
Event: 8.766 GC heap after
Heap after GC invocations=35 (full 4):
 PSYoungGen      total 106496K, used 6627K [0x00000000d5c00000, 0x00000000dd600000, 0x0000000100000000)
  eden space 92160K, 0% used [0x00000000d5c00000,0x00000000d5c00000,0x00000000db600000)
  from space 14336K, 46% used [0x00000000db600000,0x00000000dbc78ea0,0x00000000dc400000)
  to   space 13824K, 0% used [0x00000000dc880000,0x00000000dc880000,0x00000000dd600000)
 ParOldGen       total 26112K, used 15555K [0x0000000081400000, 0x0000000082d80000, 0x00000000d5c00000)
  object space 26112K, 59% used [0x0000000081400000,0x0000000082330e48,0x0000000082d80000)
 Metaspace       used 46329K, capacity 46610K, committed 47232K, reserved 1091584K
  class space    used 5835K, capacity 5920K, committed 6016K, reserved 1048576K
}
Event: 9.429 GC heap before
{Heap before GC invocations=36 (full 4):
 PSYoungGen      total 106496K, used 98787K [0x00000000d5c00000, 0x00000000dd600000, 0x0000000100000000)
  eden space 92160K, 100% used [0x00000000d5c00000,0x00000000db600000,0x00000000db600000)
  from space 14336K, 46% used [0x00000000db600000,0x00000000dbc78ea0,0x00000000dc400000)
  to   space 13824K, 0% used [0x00000000dc880000,0x00000000dc880000,0x00000000dd600000)
 ParOldGen       total 26112K, used 15555K [0x0000000081400000, 0x0000000082d80000, 0x00000000d5c00000)
  object space 26112K, 59% used [0x0000000081400000,0x0000000082330e48,0x0000000082d80000)
 Metaspace       used 50499K, capacity 50776K, committed 51200K, reserved 1093632K
  class space    used 6456K, capacity 6561K, committed 6656K, reserved 1048576K
Event: 9.436 GC heap after
Heap after GC invocations=36 (full 4):
 PSYoungGen      total 110080K, used 8091K [0x00000000d5c00000, 0x00000000dd580000, 0x0000000100000000)
  eden space 96768K, 0% used [0x00000000d5c00000,0x00000000d5c00000,0x00000000dba80000)
  from space 13312K, 60% used [0x00000000dc880000,0x00000000dd066fc0,0x00000000dd580000)
  to   space 13824K, 0% used [0x00000000dba80000,0x00000000dba80000,0x00000000dc800000)
 ParOldGen       total 26112K, used 15563K [0x0000000081400000, 0x0000000082d80000, 0x00000000d5c00000)
  object space 26112K, 59% used [0x0000000081400000,0x0000000082332e48,0x0000000082d80000)
 Metaspace       used 50499K, capacity 50776K, committed 51200K, reserved 1093632K
  class space    used 6456K, capacity 6561K, committed 6656K, reserved 1048576K
}
Event: 11.080 GC heap before
{Heap before GC invocations=37 (full 4):
 PSYoungGen      total 110080K, used 104859K [0x00000000d5c00000, 0x00000000dd580000, 0x0000000100000000)
  eden space 96768K, 100% used [0x00000000d5c00000,0x00000000dba80000,0x00000000dba80000)
  from space 13312K, 60% used [0x00000000dc880000,0x00000000dd066fc0,0x00000000dd580000)
  to   space 13824K, 0% used [0x00000000dba80000,0x00000000dba80000,0x00000000dc800000)
 ParOldGen       total 26112K, used 15563K [0x0000000081400000, 0x0000000082d80000, 0x00000000d5c00000)
  object space 26112K, 59% used [0x0000000081400000,0x0000000082332e48,0x0000000082d80000)
 Metaspace       used 52018K, capacity 52246K, committed 52864K, reserved 1095680K
  class space    used 6648K, capacity 6726K, committed 6784K, reserved 1048576K
Event: 11.098 GC heap after
Heap after GC invocations=37 (full 4):
 PSYoungGen      total 110592K, used 13813K [0x00000000d5c00000, 0x00000000dde80000, 0x0000000100000000)
  eden space 96768K, 0% used [0x00000000d5c00000,0x00000000d5c00000,0x00000000dba80000)
  from space 13824K, 99% used [0x00000000dba80000,0x00000000dc7fd780,0x00000000dc800000)
  to   space 16384K, 0% used [0x00000000dce80000,0x00000000dce80000,0x00000000dde80000)
 ParOldGen       total 26112K, used 15760K [0x0000000081400000, 0x0000000082d80000, 0x00000000d5c00000)
  object space 26112K, 60% used [0x0000000081400000,0x0000000082364048,0x0000000082d80000)
 Metaspace       used 52018K, capacity 52246K, committed 52864K, reserved 1095680K
  class space    used 6648K, capacity 6726K, committed 6784K, reserved 1048576K
}
Event: 11.838 GC heap before
{Heap before GC invocations=38 (full 4):
 PSYoungGen      total 110592K, used 110581K [0x00000000d5c00000, 0x00000000dde80000, 0x0000000100000000)
  eden space 96768K, 100% used [0x00000000d5c00000,0x00000000dba80000,0x00000000dba80000)
  from space 13824K, 99% used [0x00000000dba80000,0x00000000dc7fd780,0x00000000dc800000)
  to   space 16384K, 0% used [0x00000000dce80000,0x00000000dce80000,0x00000000dde80000)
 ParOldGen       total 26112K, used 15760K [0x0000000081400000, 0x0000000082d80000, 0x00000000d5c00000)
  object space 26112K, 60% used [0x0000000081400000,0x0000000082364048,0x0000000082d80000)
 Metaspace       used 55128K, capacity 55420K, committed 55936K, reserved 1097728K
  class space    used 7097K, capacity 7191K, committed 7296K, reserved 1048576K
Event: 11.853 GC heap after
Heap after GC invocations=38 (full 4):
 PSYoungGen      total 115200K, used 15781K [0x00000000d5c00000, 0x00000000de280000, 0x0000000100000000)
  eden space 98816K, 0% used [0x00000000d5c00000,0x00000000d5c00000,0x00000000dbc80000)
  from space 16384K, 96% used [0x00000000dce80000,0x00000000ddde95b8,0x00000000dde80000)
  to   space 18432K, 0% used [0x00000000dbc80000,0x00000000dbc80000,0x00000000dce80000)
 ParOldGen       total 26112K, used 15768K [0x0000000081400000, 0x0000000082d80000, 0x00000000d5c00000)
  object space 26112K, 60% used [0x0000000081400000,0x0000000082366048,0x0000000082d80000)
 Metaspace       used 55128K, capacity 55420K, committed 55936K, reserved 1097728K
  class space    used 7097K, capacity 7191K, committed 7296K, reserved 1048576K
}
Event: 39.152 GC heap before
{Heap before GC invocations=39 (full 4):
 PSYoungGen      total 115200K, used 114597K [0x00000000d5c00000, 0x00000000de280000, 0x0000000100000000)
  eden space 98816K, 100% used [0x00000000d5c00000,0x00000000dbc80000,0x00000000dbc80000)
  from space 16384K, 96% used [0x00000000dce80000,0x00000000ddde95b8,0x00000000dde80000)
  to   space 18432K, 0% used [0x00000000dbc80000,0x00000000dbc80000,0x00000000dce80000)
 ParOldGen       total 26112K, used 15768K [0x0000000081400000, 0x0000000082d80000, 0x00000000d5c00000)
  object space 26112K, 60% used [0x0000000081400000,0x0000000082366048,0x0000000082d80000)
 Metaspace       used 57378K, capacity 57744K, committed 58240K, reserved 1099776K
  class space    used 7363K, capacity 7451K, committed 7552K, reserved 1048576K
Event: 39.164 GC heap after
Heap after GC invocations=39 (full 4):
 PSYoungGen      total 117248K, used 18406K [0x00000000d5c00000, 0x00000000deb00000, 0x0000000100000000)
  eden space 98816K, 0% used [0x00000000d5c00000,0x00000000d5c00000,0x00000000dbc80000)
  from space 18432K, 99% used [0x00000000dbc80000,0x00000000dce79818,0x00000000dce80000)
  to   space 22016K, 0% used [0x00000000dd580000,0x00000000dd580000,0x00000000deb00000)
 ParOldGen       total 26112K, used 17779K [0x0000000081400000, 0x0000000082d80000, 0x00000000d5c00000)
  object space 26112K, 68% used [0x0000000081400000,0x000000008255cd40,0x0000000082d80000)
 Metaspace       used 57378K, capacity 57744K, committed 58240K, reserved 1099776K
  class space    used 7363K, capacity 7451K, committed 7552K, reserved 1048576K
}

